Warning message:
replacing previous import ‘e1071::element’ by ‘ggplot2::element’ when loading ‘RTIGER’ 
Loading required package: GenomicRanges
Loading required package: stats4
Loading required package: BiocGenerics

Attaching package: ‘BiocGenerics’

The following objects are masked from ‘package:stats’:

    IQR, mad, sd, var, xtabs

The following objects are masked from ‘package:base’:

    anyDuplicated, aperm, append, as.data.frame, basename, cbind,
    colnames, dirname, do.call, duplicated, eval, evalq, Filter, Find,
    get, grep, grepl, intersect, is.unsorted, lapply, Map, mapply,
    match, mget, order, paste, pmax, pmax.int, pmin, pmin.int,
    Position, rank, rbind, Reduce, rownames, sapply, saveRDS, setdiff,
    table, tapply, union, unique, unsplit, which.max, which.min

Loading required package: S4Vectors

Attaching package: ‘S4Vectors’

The following object is masked from ‘package:utils’:

    findMatches

The following objects are masked from ‘package:base’:

    expand.grid, I, unname

Loading required package: IRanges
Loading required package: GenomeInfoDb
Julia version 1.12.5 at location /faststorage/project/athaliana_single_cell/share/julia-1.12.5/bin will be used.
Loading setup script for JuliaCall...
Finish loading setup script for JuliaCall.
Error in RTIGER(expDesign = expDesign, outputdir = output_dir, seqlengths = chr_len,  : 
  Some of your observations is smaller than 2 times rigidity. Decrease your rigidity value.
Execution halted
Julia exit.
